0 info it worked if it ends with ok
1 verbose cli [ '/kunden/homepages/14/d289180580/htdocs/apps/node/node-v0.12.15-linux-x64/bin/node',
1 verbose cli   '/kunden/homepages/14/d289180580/htdocs/apps/node/node-v0.12.15-linux-x64/bin/npm',
1 verbose cli   'install',
1 verbose cli   'lessc' ]
2 info using npm@2.15.1
3 info using node@v0.12.15
4 verbose node symlink /kunden/homepages/14/d289180580/htdocs/apps/node/node-v0.12.15-linux-x64/bin/node
5 verbose stack Error: ENOMEM, scandir '/homepages/14/d289180580/htdocs/sites/executivewelcome/styles'
5 verbose stack     at Error (native)
6 verbose cwd /homepages/14/d289180580/htdocs/sites/executivewelcome/styles
7 error Linux 3.14.0-ui16196-uiabi1-infong-amd64
8 error argv "/kunden/homepages/14/d289180580/htdocs/apps/node/node-v0.12.15-linux-x64/bin/node" "/kunden/homepages/14/d289180580/htdocs/apps/node/node-v0.12.15-linux-x64/bin/npm" "install" "lessc"
9 error node v0.12.15
10 error npm  v2.15.1
11 error path /homepages/14/d289180580/htdocs/sites/executivewelcome/styles
12 error code ENOMEM
13 error errno -12
14 error ENOMEM, scandir '/homepages/14/d289180580/htdocs/sites/executivewelcome/styles'
15 error If you need help, you may report this error at:
15 error     <https://github.com/npm/npm/issues>
16 verbose exit [ -12, true ]
